%(asctime)s - %(name)s - %(levelname)s - %(message)s
%(asctime)s - %(name)s - %(levelname)s - %(message)s
%(asctime)s - %(name)s - %(levelname)s - %(message)s
%(asctime)s - %(name)s - %(levelname)s - %(message)s
2021-03-17 15:03:04,756 - __main__ - INFO - this is info msg-20
2021-03-17 15:03:04,756 - __main__ - WARNING - this is warning msg-30
2021-03-17 15:03:04,756 - __main__ - ERROR - this is error msg-40
2021-03-17 15:03:04,756 - __main__ - CRITICAL - this is critical msg-50
2021-03-17 15:04:12,517 - __main__ - INFO - this is info msg-20
2021-03-17 15:04:12,517 - __main__ - WARNING - this is warning msg-30
2021-03-17 15:04:12,517 - __main__ - ERROR - this is error msg-40
2021-03-17 15:04:12,517 - __main__ - CRITICAL - this is critical msg-50
2021-03-17 23:07:59,214 - __main__ - INFO - this is info msg-20
2021-03-17 23:07:59,336 - __main__ - WARNING - this is warning msg-30
2021-03-17 23:07:59,336 - __main__ - ERROR - this is error msg-40
2021-03-17 23:07:59,336 - __main__ - CRITICAL - this is critical msg-50
2021-03-17 23:09:02,638 - __main__ - INFO - this is info msg-20
2021-03-17 23:09:02,660 - __main__ - WARNING - this is warning msg-30
2021-03-17 23:09:02,660 - __main__ - ERROR - this is error msg-40
2021-03-17 23:09:02,660 - __main__ - CRITICAL - this is critical msg-50
2021-03-17 23:09:04,661 - __main__ - INFO - Iteration No :0
2021-03-17 23:09:04,661 - __main__ - INFO - this is info msg-20
2021-03-17 23:09:04,661 - __main__ - WARNING - this is warning msg-30
2021-03-17 23:09:04,661 - __main__ - ERROR - this is error msg-40
2021-03-17 23:09:04,661 - __main__ - CRITICAL - this is critical msg-50
2021-03-17 23:09:06,669 - __main__ - INFO - Iteration No :1
2021-03-17 23:09:06,669 - __main__ - INFO - this is info msg-20
2021-03-17 23:09:06,669 - __main__ - WARNING - this is warning msg-30
2021-03-17 23:09:06,669 - __main__ - ERROR - this is error msg-40
2021-03-17 23:09:06,669 - __main__ - CRITICAL - this is critical msg-50
2021-03-17 23:09:08,676 - __main__ - INFO - Iteration No :2
2021-03-17 23:09:08,676 - __main__ - INFO - this is info msg-20
2021-03-17 23:09:08,676 - __main__ - WARNING - this is warning msg-30
2021-03-17 23:09:08,676 - __main__ - ERROR - this is error msg-40
2021-03-17 23:09:08,676 - __main__ - CRITICAL - this is critical msg-50
2021-03-17 23:09:10,683 - __main__ - INFO - Iteration No :3
2021-03-17 23:09:10,683 - __main__ - INFO - this is info msg-20
2021-03-17 23:09:10,683 - __main__ - WARNING - this is warning msg-30
2021-03-17 23:09:10,683 - __main__ - ERROR - this is error msg-40
2021-03-17 23:09:10,683 - __main__ - CRITICAL - this is critical msg-50
2021-03-17 23:09:12,690 - __main__ - INFO - Iteration No :4
2021-03-17 23:09:12,690 - __main__ - INFO - this is info msg-20
2021-03-17 23:09:12,690 - __main__ - WARNING - this is warning msg-30
2021-03-17 23:09:12,690 - __main__ - ERROR - this is error msg-40
2021-03-17 23:09:12,690 - __main__ - CRITICAL - this is critical msg-50
2021-03-17 23:09:14,696 - __main__ - INFO - Iteration No :5
2021-03-17 23:09:14,696 - __main__ - INFO - this is info msg-20
2021-03-17 23:09:14,696 - __main__ - WARNING - this is warning msg-30
2021-03-17 23:09:14,696 - __main__ - ERROR - this is error msg-40
2021-03-17 23:09:14,696 - __main__ - CRITICAL - this is critical msg-50
2021-03-17 23:09:16,705 - __main__ - INFO - Iteration No :6
2021-03-17 23:09:16,705 - __main__ - INFO - this is info msg-20
2021-03-17 23:09:16,705 - __main__ - WARNING - this is warning msg-30
2021-03-17 23:09:16,705 - __main__ - ERROR - this is error msg-40
2021-03-17 23:09:16,705 - __main__ - CRITICAL - this is critical msg-50
2021-03-17 23:09:18,713 - __main__ - INFO - Iteration No :7
2021-03-17 23:09:18,713 - __main__ - INFO - this is info msg-20
2021-03-17 23:09:18,713 - __main__ - WARNING - this is warning msg-30
2021-03-17 23:09:18,713 - __main__ - ERROR - this is error msg-40
2021-03-17 23:09:18,713 - __main__ - CRITICAL - this is critical msg-50
2021-03-17 23:09:20,720 - __main__ - INFO - Iteration No :8
2021-03-17 23:09:20,720 - __main__ - INFO - this is info msg-20
2021-03-17 23:09:20,720 - __main__ - WARNING - this is warning msg-30
2021-03-17 23:09:20,720 - __main__ - ERROR - this is error msg-40
2021-03-17 23:09:20,720 - __main__ - CRITICAL - this is critical msg-50
2021-03-17 23:09:22,733 - __main__ - INFO - Iteration No :9
2021-03-17 23:09:22,733 - __main__ - INFO - this is info msg-20
2021-03-17 23:09:22,733 - __main__ - WARNING - this is warning msg-30
2021-03-17 23:09:22,733 - __main__ - ERROR - this is error msg-40
2021-03-17 23:09:22,733 - __main__ - CRITICAL - this is critical msg-50
2021-03-17 23:09:24,741 - __main__ - INFO - Iteration No :10
2021-03-17 23:09:24,741 - __main__ - INFO - this is info msg-20
2021-03-17 23:09:24,741 - __main__ - WARNING - this is warning msg-30
2021-03-17 23:09:24,741 - __main__ - ERROR - this is error msg-40
2021-03-17 23:09:24,741 - __main__ - CRITICAL - this is critical msg-50
2021-03-17 23:09:26,748 - __main__ - INFO - Iteration No :11
2021-03-17 23:09:26,748 - __main__ - INFO - this is info msg-20
2021-03-17 23:09:26,748 - __main__ - WARNING - this is warning msg-30
2021-03-17 23:09:26,748 - __main__ - ERROR - this is error msg-40
2021-03-17 23:09:26,748 - __main__ - CRITICAL - this is critical msg-50
2021-03-17 23:09:28,756 - __main__ - INFO - Iteration No :12
2021-03-17 23:09:28,756 - __main__ - INFO - this is info msg-20
2021-03-17 23:09:28,756 - __main__ - WARNING - this is warning msg-30
2021-03-17 23:09:28,756 - __main__ - ERROR - this is error msg-40
2021-03-17 23:09:28,756 - __main__ - CRITICAL - this is critical msg-50
2021-03-17 23:09:30,757 - __main__ - INFO - Iteration No :13
2021-03-17 23:09:30,757 - __main__ - INFO - this is info msg-20
2021-03-17 23:09:30,757 - __main__ - WARNING - this is warning msg-30
2021-03-17 23:09:30,757 - __main__ - ERROR - this is error msg-40
2021-03-17 23:09:30,757 - __main__ - CRITICAL - this is critical msg-50
2021-03-17 23:09:32,771 - __main__ - INFO - Iteration No :14
2021-03-17 23:09:32,771 - __main__ - INFO - this is info msg-20
2021-03-17 23:09:32,771 - __main__ - WARNING - this is warning msg-30
2021-03-17 23:09:32,771 - __main__ - ERROR - this is error msg-40
2021-03-17 23:09:32,771 - __main__ - CRITICAL - this is critical msg-50
2021-03-17 23:09:34,779 - __main__ - INFO - Iteration No :15
2021-03-17 23:09:34,779 - __main__ - INFO - this is info msg-20
2021-03-17 23:09:34,779 - __main__ - WARNING - this is warning msg-30
2021-03-17 23:09:34,779 - __main__ - ERROR - this is error msg-40
2021-03-17 23:09:34,779 - __main__ - CRITICAL - this is critical msg-50
2021-03-17 23:09:36,786 - __main__ - INFO - Iteration No :16
2021-03-17 23:09:36,786 - __main__ - INFO - this is info msg-20
2021-03-17 23:09:36,786 - __main__ - WARNING - this is warning msg-30
2021-03-17 23:09:36,786 - __main__ - ERROR - this is error msg-40
2021-03-17 23:09:36,786 - __main__ - CRITICAL - this is critical msg-50
2021-03-17 23:09:38,794 - __main__ - INFO - Iteration No :17
2021-03-17 23:09:38,794 - __main__ - INFO - this is info msg-20
2021-03-17 23:09:38,794 - __main__ - WARNING - this is warning msg-30
2021-03-17 23:09:38,794 - __main__ - ERROR - this is error msg-40
2021-03-17 23:09:38,794 - __main__ - CRITICAL - this is critical msg-50
2021-03-17 23:09:40,801 - __main__ - INFO - Iteration No :18
2021-03-17 23:09:40,801 - __main__ - INFO - this is info msg-20
2021-03-17 23:09:40,801 - __main__ - WARNING - this is warning msg-30
2021-03-17 23:09:40,801 - __main__ - ERROR - this is error msg-40
2021-03-17 23:09:40,801 - __main__ - CRITICAL - this is critical msg-50
2021-03-17 23:09:42,809 - __main__ - INFO - Iteration No :19
2021-03-17 23:09:42,809 - __main__ - INFO - this is info msg-20
2021-03-17 23:09:42,809 - __main__ - WARNING - this is warning msg-30
2021-03-17 23:09:42,809 - __main__ - ERROR - this is error msg-40
2021-03-17 23:09:42,809 - __main__ - CRITICAL - this is critical msg-50
2021-03-17 23:09:44,817 - __main__ - INFO - Iteration No :20
2021-03-17 23:09:44,817 - __main__ - INFO - this is info msg-20
2021-03-17 23:09:44,817 - __main__ - WARNING - this is warning msg-30
2021-03-17 23:09:44,817 - __main__ - ERROR - this is error msg-40
2021-03-17 23:09:44,817 - __main__ - CRITICAL - this is critical msg-50
2021-03-17 23:09:46,824 - __main__ - INFO - Iteration No :21
2021-03-17 23:09:46,824 - __main__ - INFO - this is info msg-20
2021-03-17 23:09:46,824 - __main__ - WARNING - this is warning msg-30
2021-03-17 23:09:46,824 - __main__ - ERROR - this is error msg-40
2021-03-17 23:09:46,824 - __main__ - CRITICAL - this is critical msg-50
2021-03-17 23:09:48,832 - __main__ - INFO - Iteration No :22
2021-03-17 23:09:48,832 - __main__ - INFO - this is info msg-20
2021-03-17 23:09:48,832 - __main__ - WARNING - this is warning msg-30
2021-03-17 23:09:48,832 - __main__ - ERROR - this is error msg-40
2021-03-17 23:09:48,832 - __main__ - CRITICAL - this is critical msg-50
2021-03-17 23:09:50,839 - __main__ - INFO - Iteration No :23
2021-03-17 23:09:50,839 - __main__ - INFO - this is info msg-20
2021-03-17 23:09:50,839 - __main__ - WARNING - this is warning msg-30
2021-03-17 23:09:50,839 - __main__ - ERROR - this is error msg-40
2021-03-17 23:09:50,839 - __main__ - CRITICAL - this is critical msg-50
2021-03-17 23:09:52,846 - __main__ - INFO - Iteration No :24
2021-03-17 23:09:52,846 - __main__ - INFO - this is info msg-20
2021-03-17 23:09:52,846 - __main__ - WARNING - this is warning msg-30
2021-03-17 23:09:52,846 - __main__ - ERROR - this is error msg-40
2021-03-17 23:09:52,846 - __main__ - CRITICAL - this is critical msg-50
2021-03-17 23:09:54,854 - __main__ - INFO - Iteration No :25
2021-03-17 23:09:54,854 - __main__ - INFO - this is info msg-20
2021-03-17 23:09:54,854 - __main__ - WARNING - this is warning msg-30
2021-03-17 23:09:54,854 - __main__ - ERROR - this is error msg-40
2021-03-17 23:09:54,854 - __main__ - CRITICAL - this is critical msg-50
2021-03-17 23:09:56,861 - __main__ - INFO - Iteration No :26
2021-03-17 23:09:56,861 - __main__ - INFO - this is info msg-20
2021-03-17 23:09:56,861 - __main__ - WARNING - this is warning msg-30
2021-03-17 23:09:56,861 - __main__ - ERROR - this is error msg-40
2021-03-17 23:09:56,861 - __main__ - CRITICAL - this is critical msg-50
2021-03-17 23:09:58,869 - __main__ - INFO - Iteration No :27
2021-03-17 23:09:58,869 - __main__ - INFO - this is info msg-20
2021-03-17 23:09:58,869 - __main__ - WARNING - this is warning msg-30
2021-03-17 23:09:58,869 - __main__ - ERROR - this is error msg-40
2021-03-17 23:09:58,869 - __main__ - CRITICAL - this is critical msg-50
2021-03-17 23:10:00,877 - __main__ - INFO - Iteration No :28
2021-03-17 23:10:00,877 - __main__ - INFO - this is info msg-20
2021-03-17 23:10:00,877 - __main__ - WARNING - this is warning msg-30
2021-03-17 23:10:00,877 - __main__ - ERROR - this is error msg-40
2021-03-17 23:10:00,877 - __main__ - CRITICAL - this is critical msg-50
2021-03-17 23:10:02,885 - __main__ - INFO - Iteration No :29
2021-03-17 23:10:02,885 - __main__ - INFO - this is info msg-20
2021-03-17 23:10:02,885 - __main__ - WARNING - this is warning msg-30
2021-03-17 23:10:02,885 - __main__ - ERROR - this is error msg-40
2021-03-17 23:10:02,885 - __main__ - CRITICAL - this is critical msg-50
2021-03-17 23:10:04,892 - __main__ - INFO - Iteration No :30
2021-03-17 23:10:04,892 - __main__ - INFO - this is info msg-20
2021-03-17 23:10:04,892 - __main__ - WARNING - this is warning msg-30
2021-03-17 23:10:04,892 - __main__ - ERROR - this is error msg-40
2021-03-17 23:10:04,892 - __main__ - CRITICAL - this is critical msg-50
2021-03-17 23:10:06,900 - __main__ - INFO - Iteration No :31
2021-03-17 23:10:06,900 - __main__ - INFO - this is info msg-20
2021-03-17 23:10:06,900 - __main__ - WARNING - this is warning msg-30
2021-03-17 23:10:06,900 - __main__ - ERROR - this is error msg-40
2021-03-17 23:10:06,900 - __main__ - CRITICAL - this is critical msg-50
2021-03-17 23:10:08,919 - __main__ - INFO - Iteration No :32
2021-03-17 23:10:08,919 - __main__ - INFO - this is info msg-20
2021-03-17 23:10:08,919 - __main__ - WARNING - this is warning msg-30
2021-03-17 23:10:08,919 - __main__ - ERROR - this is error msg-40
2021-03-17 23:10:08,919 - __main__ - CRITICAL - this is critical msg-50
2021-03-17 23:10:10,923 - __main__ - INFO - Iteration No :33
2021-03-17 23:10:10,923 - __main__ - INFO - this is info msg-20
2021-03-17 23:10:10,923 - __main__ - WARNING - this is warning msg-30
2021-03-17 23:10:10,923 - __main__ - ERROR - this is error msg-40
2021-03-17 23:10:10,923 - __main__ - CRITICAL - this is critical msg-50
2021-03-17 23:10:12,929 - __main__ - INFO - Iteration No :34
2021-03-17 23:10:12,929 - __main__ - INFO - this is info msg-20
2021-03-17 23:10:12,929 - __main__ - WARNING - this is warning msg-30
2021-03-17 23:10:12,929 - __main__ - ERROR - this is error msg-40
2021-03-17 23:10:12,929 - __main__ - CRITICAL - this is critical msg-50
2021-03-18 00:33:18,058 - __main__ - INFO - this is info msg-20 - 41 - function_one
2021-03-18 00:33:18,159 - __main__ - WARNING - this is warning msg-30 - 43 - function_one
2021-03-18 00:33:18,170 - __main__ - ERROR - this is error msg-40 - 44 - function_one
2021-03-18 00:33:18,180 - __main__ - CRITICAL - this is critical msg-50 - 45 - function_one
2021-03-18 00:33:20,202 - __main__ - INFO - Iteration No :0 - 47 - function_one
2021-03-18 00:33:20,222 - __main__ - INFO - this is info msg-20 - 41 - function_one
2021-03-18 00:33:20,232 - __main__ - WARNING - this is warning msg-30 - 43 - function_one
2021-03-18 00:33:20,244 - __main__ - ERROR - this is error msg-40 - 44 - function_one
2021-03-18 00:33:20,252 - __main__ - CRITICAL - this is critical msg-50 - 45 - function_one
2021-03-18 00:33:22,284 - __main__ - INFO - Iteration No :1 - 47 - function_one
2021-03-18 00:33:22,284 - __main__ - INFO - this is info msg-20 - 41 - function_one
2021-03-18 00:33:22,294 - __main__ - WARNING - this is warning msg-30 - 43 - function_one
2021-03-18 00:33:22,304 - __main__ - ERROR - this is error msg-40 - 44 - function_one
2021-03-18 00:33:22,310 - __main__ - CRITICAL - this is critical msg-50 - 45 - function_one
2021-03-18 00:33:24,321 - __main__ - INFO - Iteration No :2 - 47 - function_one
2021-03-18 00:33:24,326 - __main__ - INFO - this is info msg-20 - 41 - function_one
2021-03-18 00:33:24,326 - __main__ - WARNING - this is warning msg-30 - 43 - function_one
2021-03-18 00:33:24,336 - __main__ - ERROR - this is error msg-40 - 44 - function_one
2021-03-18 00:33:24,346 - __main__ - CRITICAL - this is critical msg-50 - 45 - function_one
2021-03-18 00:33:26,348 - __main__ - INFO - Iteration No :3 - 47 - function_one
2021-03-18 00:33:26,348 - __main__ - INFO - this is info msg-20 - 41 - function_one
2021-03-18 00:33:26,357 - __main__ - WARNING - this is warning msg-30 - 43 - function_one
2021-03-18 00:33:26,368 - __main__ - ERROR - this is error msg-40 - 44 - function_one
2021-03-18 00:33:26,398 - __main__ - CRITICAL - this is critical msg-50 - 45 - function_one
2021-03-18 00:33:28,410 - __main__ - INFO - Iteration No :4 - 47 - function_one
2021-03-18 00:33:28,410 - __main__ - INFO - this is info msg-20 - 41 - function_one
2021-03-18 00:33:28,420 - __main__ - WARNING - this is warning msg-30 - 43 - function_one
2021-03-18 00:33:28,430 - __main__ - ERROR - this is error msg-40 - 44 - function_one
2021-03-18 00:33:28,430 - __main__ - CRITICAL - this is critical msg-50 - 45 - function_one
2021-03-18 00:33:30,452 - __main__ - INFO - Iteration No :5 - 47 - function_one
2021-03-18 00:33:30,457 - __main__ - INFO - this is info msg-20 - 41 - function_one
2021-03-18 00:33:30,472 - __main__ - WARNING - this is warning msg-30 - 43 - function_one
2021-03-18 00:33:30,482 - __main__ - ERROR - this is error msg-40 - 44 - function_one
2021-03-18 00:33:30,482 - __main__ - CRITICAL - this is critical msg-50 - 45 - function_one
2021-03-18 00:33:32,493 - __main__ - INFO - Iteration No :6 - 47 - function_one
2021-03-18 00:33:32,493 - __main__ - INFO - this is info msg-20 - 41 - function_one
2021-03-18 00:33:32,505 - __main__ - WARNING - this is warning msg-30 - 43 - function_one
2021-03-18 00:33:32,514 - __main__ - ERROR - this is error msg-40 - 44 - function_one
2021-03-18 00:33:32,514 - __main__ - CRITICAL - this is critical msg-50 - 45 - function_one
2021-03-18 00:33:34,526 - __main__ - INFO - Iteration No :7 - 47 - function_one
2021-03-18 00:33:34,526 - __main__ - INFO - this is info msg-20 - 41 - function_one
2021-03-18 00:33:34,526 - __main__ - WARNING - this is warning msg-30 - 43 - function_one
2021-03-18 00:33:34,541 - __main__ - ERROR - this is error msg-40 - 44 - function_one
2021-03-18 00:33:34,541 - __main__ - CRITICAL - this is critical msg-50 - 45 - function_one
2021-03-18 00:33:36,564 - __main__ - INFO - Iteration No :8 - 47 - function_one
2021-03-18 00:33:36,564 - __main__ - INFO - this is info msg-20 - 41 - function_one
2021-03-18 00:33:36,564 - __main__ - WARNING - this is warning msg-30 - 43 - function_one
2021-03-18 00:33:36,580 - __main__ - ERROR - this is error msg-40 - 44 - function_one
2021-03-18 00:33:36,580 - __main__ - CRITICAL - this is critical msg-50 - 45 - function_one
2021-03-18 00:33:38,604 - __main__ - INFO - Iteration No :9 - 47 - function_one
2021-03-18 00:33:38,604 - __main__ - INFO - this is info msg-20 - 41 - function_one
2021-03-18 00:33:38,604 - __main__ - WARNING - this is warning msg-30 - 43 - function_one
2021-03-18 00:33:38,604 - __main__ - ERROR - this is error msg-40 - 44 - function_one
2021-03-18 00:33:38,620 - __main__ - CRITICAL - this is critical msg-50 - 45 - function_one
2021-03-18 00:33:40,624 - __main__ - INFO - Iteration No :10 - 47 - function_one
2021-03-18 00:33:40,626 - __main__ - INFO - this is info msg-20 - 41 - function_one
2021-03-18 00:33:40,634 - __main__ - WARNING - this is warning msg-30 - 43 - function_one
2021-03-18 00:33:40,636 - __main__ - ERROR - this is error msg-40 - 44 - function_one
2021-03-18 00:33:40,636 - __main__ - CRITICAL - this is critical msg-50 - 45 - function_one
2021-03-18 00:33:42,647 - __main__ - INFO - Iteration No :11 - 47 - function_one
2021-03-18 00:33:42,647 - __main__ - INFO - this is info msg-20 - 41 - function_one
2021-03-18 00:33:42,747 - __main__ - WARNING - this is warning msg-30 - 43 - function_one
2021-03-18 00:33:42,763 - __main__ - ERROR - this is error msg-40 - 44 - function_one
2021-03-18 00:33:42,763 - __main__ - CRITICAL - this is critical msg-50 - 45 - function_one
2021-03-18 00:33:44,785 - __main__ - INFO - Iteration No :12 - 47 - function_one
2021-03-18 00:33:44,785 - __main__ - INFO - this is info msg-20 - 41 - function_one
2021-03-18 00:33:44,785 - __main__ - WARNING - this is warning msg-30 - 43 - function_one
2021-03-18 00:33:44,800 - __main__ - ERROR - this is error msg-40 - 44 - function_one
2021-03-18 00:33:44,800 - __main__ - CRITICAL - this is critical msg-50 - 45 - function_one
2021-03-18 00:33:46,822 - __main__ - INFO - Iteration No :13 - 47 - function_one
2021-03-18 00:33:46,822 - __main__ - INFO - this is info msg-20 - 41 - function_one
2021-03-18 00:33:46,822 - __main__ - WARNING - this is warning msg-30 - 43 - function_one
2021-03-18 00:33:46,838 - __main__ - ERROR - this is error msg-40 - 44 - function_one
2021-03-18 00:33:46,844 - __main__ - CRITICAL - this is critical msg-50 - 45 - function_one
2021-03-18 00:33:48,845 - __main__ - INFO - Iteration No :14 - 47 - function_one
2021-03-18 00:33:48,851 - __main__ - INFO - this is info msg-20 - 41 - function_one
2021-03-18 00:33:48,883 - __main__ - WARNING - this is warning msg-30 - 43 - function_one
2021-03-18 00:33:48,898 - __main__ - ERROR - this is error msg-40 - 44 - function_one
2021-03-18 00:33:48,898 - __main__ - CRITICAL - this is critical msg-50 - 45 - function_one
2021-03-18 00:33:50,936 - __main__ - INFO - Iteration No :15 - 47 - function_one
2021-03-18 00:33:50,936 - __main__ - INFO - this is info msg-20 - 41 - function_one
2021-03-18 00:33:50,936 - __main__ - WARNING - this is warning msg-30 - 43 - function_one
2021-03-18 00:33:50,959 - __main__ - ERROR - this is error msg-40 - 44 - function_one
2021-03-18 00:33:50,959 - __main__ - CRITICAL - this is critical msg-50 - 45 - function_one
2021-03-18 00:33:52,959 - __main__ - INFO - Iteration No :16 - 47 - function_one
2021-03-18 00:33:52,965 - __main__ - INFO - this is info msg-20 - 41 - function_one
2021-03-18 00:33:52,965 - __main__ - WARNING - this is warning msg-30 - 43 - function_one
2021-03-18 00:33:52,965 - __main__ - ERROR - this is error msg-40 - 44 - function_one
2021-03-18 00:33:52,981 - __main__ - CRITICAL - this is critical msg-50 - 45 - function_one
2021-03-18 00:33:54,986 - __main__ - INFO - Iteration No :17 - 47 - function_one
2021-03-18 00:33:54,986 - __main__ - INFO - this is info msg-20 - 41 - function_one
2021-03-18 00:33:54,986 - __main__ - WARNING - this is warning msg-30 - 43 - function_one
2021-03-18 00:33:55,002 - __main__ - ERROR - this is error msg-40 - 44 - function_one
2021-03-18 00:33:55,002 - __main__ - CRITICAL - this is critical msg-50 - 45 - function_one
2021-03-18 00:34:57,376 - __main__ - INFO - this is info msg-20 - 41 - function_one
2021-03-18 00:34:57,376 - __main__ - WARNING - this is warning msg-30 - 43 - function_one
2021-03-18 00:34:57,376 - __main__ - ERROR - this is error msg-40 - 44 - function_one
2021-03-18 00:34:57,376 - __main__ - CRITICAL - this is critical msg-50 - 45 - function_one
2021-03-18 00:34:59,399 - __main__ - INFO - Iteration No :0 - 47 - function_one
2021-03-18 00:34:59,399 - __main__ - INFO - this is info msg-20 - 41 - function_one
2021-03-18 00:34:59,399 - __main__ - WARNING - this is warning msg-30 - 43 - function_one
2021-03-18 00:34:59,414 - __main__ - ERROR - this is error msg-40 - 44 - function_one
2021-03-18 00:34:59,421 - __main__ - CRITICAL - this is critical msg-50 - 45 - function_one
2021-03-18 00:35:01,421 - __main__ - INFO - Iteration No :1 - 47 - function_one
2021-03-18 00:35:01,428 - __main__ - INFO - this is info msg-20 - 41 - function_one
2021-03-18 00:35:01,428 - __main__ - WARNING - this is warning msg-30 - 43 - function_one
2021-03-18 00:35:01,428 - __main__ - ERROR - this is error msg-40 - 44 - function_one
2021-03-18 00:35:01,443 - __main__ - CRITICAL - this is critical msg-50 - 45 - function_one
2021-03-18 00:35:03,450 - __main__ - INFO - Iteration No :2 - 47 - function_one
2021-03-18 00:35:03,450 - __main__ - INFO - this is info msg-20 - 41 - function_one
2021-03-18 00:35:03,450 - __main__ - WARNING - this is warning msg-30 - 43 - function_one
2021-03-18 00:35:03,466 - __main__ - ERROR - this is error msg-40 - 44 - function_one
2021-03-18 00:35:03,466 - __main__ - CRITICAL - this is critical msg-50 - 45 - function_one
2021-03-18 00:35:05,488 - __main__ - INFO - Iteration No :3 - 47 - function_one
2021-03-18 00:35:05,488 - __main__ - INFO - this is info msg-20 - 41 - function_one
2021-03-18 00:35:05,488 - __main__ - WARNING - this is warning msg-30 - 43 - function_one
2021-03-18 00:35:05,503 - __main__ - ERROR - this is error msg-40 - 44 - function_one
2021-03-18 00:35:05,503 - __main__ - CRITICAL - this is critical msg-50 - 45 - function_one
2021-03-18 00:35:07,526 - __main__ - INFO - Iteration No :4 - 47 - function_one
2021-03-18 00:35:07,526 - __main__ - INFO - this is info msg-20 - 41 - function_one
2021-03-18 00:35:07,541 - __main__ - WARNING - this is warning msg-30 - 43 - function_one
2021-03-18 00:35:07,548 - __main__ - ERROR - this is error msg-40 - 44 - function_one
2021-03-18 00:35:07,548 - __main__ - CRITICAL - this is critical msg-50 - 45 - function_one
2021-03-18 00:37:26,991 - __main__ - INFO - this is info msg-20 - 41 - function_one
2021-03-18 00:37:27,013 - __main__ - WARNING - this is warning msg-30 - 43 - function_one
2021-03-18 00:37:27,013 - __main__ - ERROR - this is error msg-40 - 44 - function_one
2021-03-18 00:37:27,013 - __main__ - CRITICAL - this is critical msg-50 - 45 - function_one
2021-03-18 00:37:29,035 - __main__ - INFO - Iteration No :0 - 47 - function_one
2021-03-18 00:37:29,035 - __main__ - INFO - this is info msg-20 - 41 - function_one
2021-03-18 00:37:29,035 - __main__ - WARNING - this is warning msg-30 - 43 - function_one
2021-03-18 00:37:29,051 - __main__ - ERROR - this is error msg-40 - 44 - function_one
2021-03-18 00:37:29,051 - __main__ - CRITICAL - this is critical msg-50 - 45 - function_one
2021-03-18 00:37:31,074 - __main__ - INFO - Iteration No :1 - 47 - function_one
2021-03-18 00:37:31,074 - __main__ - INFO - this is info msg-20 - 41 - function_one
2021-03-18 00:37:31,074 - __main__ - WARNING - this is warning msg-30 - 43 - function_one
2021-03-18 00:37:31,090 - __main__ - ERROR - this is error msg-40 - 44 - function_one
2021-03-18 00:37:31,090 - __main__ - CRITICAL - this is critical msg-50 - 45 - function_one
2021-03-18 00:37:33,113 - __main__ - INFO - Iteration No :2 - 47 - function_one
2021-03-18 00:37:33,120 - __main__ - INFO - this is info msg-20 - 41 - function_one
2021-03-18 00:37:33,120 - __main__ - WARNING - this is warning msg-30 - 43 - function_one
2021-03-18 00:37:33,135 - __main__ - ERROR - this is error msg-40 - 44 - function_one
2021-03-18 00:37:33,135 - __main__ - CRITICAL - this is critical msg-50 - 45 - function_one
2021-03-18 00:37:35,173 - __main__ - INFO - Iteration No :3 - 47 - function_one
2021-03-18 00:37:35,173 - __main__ - INFO - this is info msg-20 - 41 - function_one
2021-03-18 00:37:35,173 - __main__ - WARNING - this is warning msg-30 - 43 - function_one
2021-03-18 00:37:35,173 - __main__ - ERROR - this is error msg-40 - 44 - function_one
2021-03-18 00:37:35,173 - __main__ - CRITICAL - this is critical msg-50 - 45 - function_one
2021-03-18 00:37:37,190 - __main__ - INFO - Iteration No :4 - 47 - function_one
2021-03-18 00:37:37,190 - __main__ - INFO - this is info msg-20 - 41 - function_one
2021-03-18 00:37:37,190 - __main__ - WARNING - this is warning msg-30 - 43 - function_one
2021-03-18 00:37:37,205 - __main__ - ERROR - this is error msg-40 - 44 - function_one
2021-03-18 00:37:37,221 - __main__ - CRITICAL - this is critical msg-50 - 45 - function_one
2021-03-18 00:37:59,098 - __main__ - INFO - this is info msg-20 - 41 - function_one
2021-03-18 00:37:59,098 - __main__ - WARNING - this is warning msg-30 - 43 - function_one
2021-03-18 00:37:59,098 - __main__ - ERROR - this is error msg-40 - 44 - function_one
2021-03-18 00:37:59,113 - __main__ - CRITICAL - this is critical msg-50 - 45 - function_one
2021-03-18 00:38:01,121 - __main__ - INFO - Iteration No :0 - 47 - function_one
2021-03-18 00:38:01,121 - __main__ - INFO - this is info msg-20 - 41 - function_one
2021-03-18 00:38:01,121 - __main__ - WARNING - this is warning msg-30 - 43 - function_one
2021-03-18 00:38:01,121 - __main__ - ERROR - this is error msg-40 - 44 - function_one
2021-03-18 00:38:01,121 - __main__ - CRITICAL - this is critical msg-50 - 45 - function_one
2021-03-18 00:38:03,141 - __main__ - INFO - Iteration No :1 - 47 - function_one
2021-03-18 00:38:03,141 - __main__ - INFO - this is info msg-20 - 41 - function_one
2021-03-18 00:38:03,141 - __main__ - WARNING - this is warning msg-30 - 43 - function_one
2021-03-18 00:38:03,157 - __main__ - ERROR - this is error msg-40 - 44 - function_one
2021-03-18 00:38:03,157 - __main__ - CRITICAL - this is critical msg-50 - 45 - function_one
2021-03-18 00:38:05,179 - __main__ - INFO - Iteration No :2 - 47 - function_one
2021-03-18 00:38:05,179 - __main__ - INFO - this is info msg-20 - 41 - function_one
2021-03-18 00:38:05,179 - __main__ - WARNING - this is warning msg-30 - 43 - function_one
2021-03-18 00:38:05,194 - __main__ - ERROR - this is error msg-40 - 44 - function_one
2021-03-18 00:38:05,194 - __main__ - CRITICAL - this is critical msg-50 - 45 - function_one
2021-03-18 00:38:07,217 - __main__ - INFO - Iteration No :3 - 47 - function_one
2021-03-18 00:38:07,217 - __main__ - INFO - this is info msg-20 - 41 - function_one
2021-03-18 00:38:07,223 - __main__ - WARNING - this is warning msg-30 - 43 - function_one
2021-03-18 00:38:07,223 - __main__ - ERROR - this is error msg-40 - 44 - function_one
2021-03-18 00:38:07,239 - __main__ - CRITICAL - this is critical msg-50 - 45 - function_one
2021-03-18 00:38:09,261 - __main__ - INFO - Iteration No :4 - 47 - function_one
2021-03-18 00:38:09,261 - __main__ - INFO - this is info msg-20 - 41 - function_one
2021-03-18 00:38:09,261 - __main__ - WARNING - this is warning msg-30 - 43 - function_one
2021-03-18 00:38:09,277 - __main__ - ERROR - this is error msg-40 - 44 - function_one
2021-03-18 00:38:09,277 - __main__ - CRITICAL - this is critical msg-50 - 45 - function_one
2021-03-18 00:38:11,299 - __main__ - INFO - Iteration No :5 - 47 - function_one
2021-03-18 00:38:11,299 - __main__ - INFO - this is info msg-20 - 41 - function_one
2021-03-18 00:38:11,299 - __main__ - WARNING - this is warning msg-30 - 43 - function_one
2021-03-18 00:38:11,315 - __main__ - ERROR - this is error msg-40 - 44 - function_one
2021-03-18 00:38:11,315 - __main__ - CRITICAL - this is critical msg-50 - 45 - function_one
2021-03-18 00:40:18,053 - __main__ - INFO - this is info msg-20 - 41 - function_one
2021-03-18 00:40:18,060 - __main__ - WARNING - this is warning msg-30 - 43 - function_one
2021-03-18 00:40:18,060 - __main__ - ERROR - this is error msg-40 - 44 - function_one
2021-03-18 00:40:18,060 - __main__ - CRITICAL - this is critical msg-50 - 45 - function_one
2021-03-18 00:40:20,083 - __main__ - INFO - Iteration No :0 - 47 - function_one
2021-03-18 00:40:20,083 - __main__ - INFO - this is info msg-20 - 41 - function_one
2021-03-18 00:40:20,083 - __main__ - WARNING - this is warning msg-30 - 43 - function_one
2021-03-18 00:40:20,098 - __main__ - ERROR - this is error msg-40 - 44 - function_one
2021-03-18 00:40:20,098 - __main__ - CRITICAL - this is critical msg-50 - 45 - function_one
2021-03-18 00:40:22,122 - __main__ - INFO - Iteration No :1 - 47 - function_one
2021-03-18 00:40:22,122 - __main__ - INFO - this is info msg-20 - 41 - function_one
2021-03-18 00:40:22,122 - __main__ - WARNING - this is warning msg-30 - 43 - function_one
2021-03-18 00:40:22,137 - __main__ - ERROR - this is error msg-40 - 44 - function_one
2021-03-18 00:40:22,137 - __main__ - CRITICAL - this is critical msg-50 - 45 - function_one
2021-03-18 00:40:24,145 - __main__ - INFO - Iteration No :2 - 47 - function_one
2021-03-18 00:40:24,145 - __main__ - INFO - this is info msg-20 - 41 - function_one
2021-03-18 00:40:24,145 - __main__ - WARNING - this is warning msg-30 - 43 - function_one
2021-03-18 00:40:24,161 - __main__ - ERROR - this is error msg-40 - 44 - function_one
2021-03-18 00:40:24,161 - __main__ - CRITICAL - this is critical msg-50 - 45 - function_one
2021-03-18 00:40:26,268 - __main__ - INFO - Iteration No :3 - 47 - function_one
2021-03-18 00:40:26,268 - __main__ - INFO - this is info msg-20 - 41 - function_one
2021-03-18 00:40:26,268 - __main__ - WARNING - this is warning msg-30 - 43 - function_one
2021-03-18 00:40:26,290 - __main__ - ERROR - this is error msg-40 - 44 - function_one
2021-03-18 00:40:26,290 - __main__ - CRITICAL - this is critical msg-50 - 45 - function_one
2021-03-18 00:40:28,312 - __main__ - INFO - Iteration No :4 - 47 - function_one
2021-03-18 00:40:28,312 - __main__ - INFO - this is info msg-20 - 41 - function_one
2021-03-18 00:40:28,312 - __main__ - WARNING - this is warning msg-30 - 43 - function_one
2021-03-18 00:40:28,328 - __main__ - ERROR - this is error msg-40 - 44 - function_one
2021-03-18 00:40:28,328 - __main__ - CRITICAL - this is critical msg-50 - 45 - function_one
2021-03-18 00:40:30,351 - __main__ - INFO - Iteration No :5 - 47 - function_one
2021-03-18 00:40:30,351 - __main__ - INFO - this is info msg-20 - 41 - function_one
2021-03-18 00:40:30,351 - __main__ - WARNING - this is warning msg-30 - 43 - function_one
2021-03-18 00:40:30,366 - __main__ - ERROR - this is error msg-40 - 44 - function_one
2021-03-18 00:40:30,366 - __main__ - CRITICAL - this is critical msg-50 - 45 - function_one
2021-03-18 00:42:26,069 - __main__ - INFO - this is info msg-20 - 41 - function_one
2021-03-18 00:42:42,599 - __main__ - INFO - this is info msg-20 - 41 - function_one
2021-03-18 00:43:14,097 - __main__ - INFO - this is info msg-20 - 41 - function_one
2021-03-18 00:43:14,097 - __main__ - WARNING - this is warning msg-30 - 43 - function_one
2021-03-18 00:43:14,097 - __main__ - ERROR - this is error msg-40 - 44 - function_one
2021-03-18 00:43:14,097 - __main__ - CRITICAL - this is critical msg-50 - 45 - function_one
2021-03-18 00:43:16,120 - __main__ - INFO - Iteration No :0 - 47 - function_one
2021-03-18 00:43:16,120 - __main__ - INFO - this is info msg-20 - 41 - function_one
2021-03-18 00:43:16,120 - __main__ - WARNING - this is warning msg-30 - 43 - function_one
2021-03-18 00:43:16,135 - __main__ - ERROR - this is error msg-40 - 44 - function_one
2021-03-18 00:43:16,135 - __main__ - CRITICAL - this is critical msg-50 - 45 - function_one
2021-03-18 00:43:18,159 - __main__ - INFO - Iteration No :1 - 47 - function_one
2021-03-18 00:43:18,159 - __main__ - INFO - this is info msg-20 - 41 - function_one
2021-03-18 00:43:18,159 - __main__ - WARNING - this is warning msg-30 - 43 - function_one
2021-03-18 00:43:18,174 - __main__ - ERROR - this is error msg-40 - 44 - function_one
2021-03-18 00:43:18,174 - __main__ - CRITICAL - this is critical msg-50 - 45 - function_one
2021-03-18 00:43:20,198 - __main__ - INFO - Iteration No :2 - 47 - function_one
2021-03-18 00:43:20,204 - __main__ - INFO - this is info msg-20 - 41 - function_one
2021-03-18 00:43:20,204 - __main__ - WARNING - this is warning msg-30 - 43 - function_one
2021-03-18 00:43:20,204 - __main__ - ERROR - this is error msg-40 - 44 - function_one
2021-03-18 00:43:20,220 - __main__ - CRITICAL - this is critical msg-50 - 45 - function_one
2021-03-18 00:43:22,227 - __main__ - INFO - Iteration No :3 - 47 - function_one
2021-03-18 00:43:22,227 - __main__ - INFO - this is info msg-20 - 41 - function_one
2021-03-18 00:43:22,243 - __main__ - WARNING - this is warning msg-30 - 43 - function_one
2021-03-18 00:43:22,243 - __main__ - ERROR - this is error msg-40 - 44 - function_one
2021-03-18 00:43:22,258 - __main__ - CRITICAL - this is critical msg-50 - 45 - function_one
2021-03-18 00:43:24,265 - __main__ - INFO - Iteration No :4 - 47 - function_one
2021-03-18 00:43:24,265 - __main__ - INFO - this is info msg-20 - 41 - function_one
2021-03-18 00:43:24,265 - __main__ - WARNING - this is warning msg-30 - 43 - function_one
2021-03-18 00:43:24,281 - __main__ - ERROR - this is error msg-40 - 44 - function_one
2021-03-18 00:43:24,281 - __main__ - CRITICAL - this is critical msg-50 - 45 - function_one
2021-03-18 00:44:44,432 - __main__ - INFO - this is info msg-20 - 41 - function_one
2021-03-18 00:44:44,548 - __main__ - WARNING - this is warning msg-30 - 43 - function_one
2021-03-18 00:44:44,833 - __main__ - ERROR - this is error msg-40 - 44 - function_one
2021-03-18 00:44:45,018 - __main__ - CRITICAL - this is critical msg-50 - 45 - function_one
2021-03-18 00:44:47,311 - __main__ - INFO - Iteration No :0 - 47 - function_one
2021-03-18 00:44:47,374 - __main__ - INFO - this is info msg-20 - 41 - function_one
2021-03-18 00:44:47,496 - __main__ - WARNING - this is warning msg-30 - 43 - function_one
2021-03-18 00:44:47,559 - __main__ - ERROR - this is error msg-40 - 44 - function_one
2021-03-18 00:44:47,728 - __main__ - CRITICAL - this is critical msg-50 - 45 - function_one
2021-03-18 00:44:49,897 - __main__ - INFO - Iteration No :1 - 47 - function_one
2021-03-18 00:44:50,036 - __main__ - INFO - this is info msg-20 - 41 - function_one
2021-03-18 00:44:50,167 - __main__ - WARNING - this is warning msg-30 - 43 - function_one
2021-03-18 00:44:50,267 - __main__ - ERROR - this is error msg-40 - 44 - function_one
2021-03-18 00:44:50,383 - __main__ - CRITICAL - this is critical msg-50 - 45 - function_one
2021-03-18 00:44:52,829 - __main__ - INFO - Iteration No :2 - 47 - function_one
2021-03-18 00:44:52,977 - __main__ - INFO - this is info msg-20 - 41 - function_one
2021-03-18 00:44:53,162 - __main__ - WARNING - this is warning msg-30 - 43 - function_one
2021-03-18 00:44:53,362 - __main__ - ERROR - this is error msg-40 - 44 - function_one
2021-03-18 00:44:53,489 - __main__ - CRITICAL - this is critical msg-50 - 45 - function_one
2021-03-18 00:44:55,579 - __main__ - INFO - Iteration No :3 - 47 - function_one
2021-03-18 00:44:55,648 - __main__ - INFO - this is info msg-20 - 41 - function_one
2021-03-18 00:44:55,717 - __main__ - WARNING - this is warning msg-30 - 43 - function_one
2021-03-18 00:44:55,864 - __main__ - ERROR - this is error msg-40 - 44 - function_one
2021-03-18 00:44:56,212 - __main__ - CRITICAL - this is critical msg-50 - 45 - function_one
